SyntaxError: Unexpected token " in JSON at position 0
    at JSON.parse (<anonymous>)
    at createStrictSyntaxError (/home/qszebbzf/nodevenv/sehat.hyderdevelops.ml/12/lib/node_modules/body-parser/lib/types/json.js:158:10)
    at parse (/home/qszebbzf/nodevenv/sehat.hyderdevelops.ml/12/lib/node_modules/body-parser/lib/types/json.js:83:15)
    at /home/qszebbzf/nodevenv/sehat.hyderdevelops.ml/12/lib/node_modules/body-parser/lib/read.js:121:18
    at invokeCallback (/home/qszebbzf/nodevenv/sehat.hyderdevelops.ml/12/lib/node_modules/raw-body/index.js:224:16)
    at done (/home/qszebbzf/nodevenv/sehat.hyderdevelops.ml/12/lib/node_modules/raw-body/index.js:213:7)
    at IncomingMessage.onEnd (/home/qszebbzf/nodevenv/sehat.hyderdevelops.ml/12/lib/node_modules/raw-body/index.js:273:7)
    at IncomingMessage.emit (events.js:214:15)
    at endReadableNT (_stream_readable.js:1178:12)
    at processTicksAndRejections (internal/process/task_queues.js:77:11)
SyntaxError: Unexpected token " in JSON at position 0
    at JSON.parse (<anonymous>)
    at createStrictSyntaxError (/home/qszebbzf/nodevenv/sehat.hyderdevelops.ml/12/lib/node_modules/body-parser/lib/types/json.js:158:10)
    at parse (/home/qszebbzf/nodevenv/sehat.hyderdevelops.ml/12/lib/node_modules/body-parser/lib/types/json.js:83:15)
    at /home/qszebbzf/nodevenv/sehat.hyderdevelops.ml/12/lib/node_modules/body-parser/lib/read.js:121:18
    at invokeCallback (/home/qszebbzf/nodevenv/sehat.hyderdevelops.ml/12/lib/node_modules/raw-body/index.js:224:16)
    at done (/home/qszebbzf/nodevenv/sehat.hyderdevelops.ml/12/lib/node_modules/raw-body/index.js:213:7)
    at IncomingMessage.onEnd (/home/qszebbzf/nodevenv/sehat.hyderdevelops.ml/12/lib/node_modules/raw-body/index.js:273:7)
    at IncomingMessage.emit (events.js:214:15)
    at endReadableNT (_stream_readable.js:1178:12)
    at processTicksAndRejections (internal/process/task_queues.js:77:11)
SyntaxError: Unexpected token " in JSON at position 0
    at JSON.parse (<anonymous>)
    at createStrictSyntaxError (/home/qszebbzf/nodevenv/sehat.hyderdevelops.ml/12/lib/node_modules/body-parser/lib/types/json.js:158:10)
    at parse (/home/qszebbzf/nodevenv/sehat.hyderdevelops.ml/12/lib/node_modules/body-parser/lib/types/json.js:83:15)
    at /home/qszebbzf/nodevenv/sehat.hyderdevelops.ml/12/lib/node_modules/body-parser/lib/read.js:121:18
    at invokeCallback (/home/qszebbzf/nodevenv/sehat.hyderdevelops.ml/12/lib/node_modules/raw-body/index.js:224:16)
    at done (/home/qszebbzf/nodevenv/sehat.hyderdevelops.ml/12/lib/node_modules/raw-body/index.js:213:7)
    at IncomingMessage.onEnd (/home/qszebbzf/nodevenv/sehat.hyderdevelops.ml/12/lib/node_modules/raw-body/index.js:273:7)
    at IncomingMessage.emit (events.js:214:15)
    at endReadableNT (_stream_readable.js:1178:12)
    at processTicksAndRejections (internal/process/task_queues.js:77:11)
SyntaxError: Unexpected token " in JSON at position 0
    at JSON.parse (<anonymous>)
    at createStrictSyntaxError (/home/qszebbzf/nodevenv/sehat.hyderdevelops.ml/12/lib/node_modules/body-parser/lib/types/json.js:158:10)
    at parse (/home/qszebbzf/nodevenv/sehat.hyderdevelops.ml/12/lib/node_modules/body-parser/lib/types/json.js:83:15)
    at /home/qszebbzf/nodevenv/sehat.hyderdevelops.ml/12/lib/node_modules/body-parser/lib/read.js:121:18
    at invokeCallback (/home/qszebbzf/nodevenv/sehat.hyderdevelops.ml/12/lib/node_modules/raw-body/index.js:224:16)
    at done (/home/qszebbzf/nodevenv/sehat.hyderdevelops.ml/12/lib/node_modules/raw-body/index.js:213:7)
    at IncomingMessage.onEnd (/home/qszebbzf/nodevenv/sehat.hyderdevelops.ml/12/lib/node_modules/raw-body/index.js:273:7)
    at IncomingMessage.emit (events.js:214:15)
    at endReadableNT (_stream_readable.js:1178:12)
    at processTicksAndRejections (internal/process/task_queues.js:77:11)
SyntaxError: Unexpected token " in JSON at position 0
    at JSON.parse (<anonymous>)
    at createStrictSyntaxError (/home/qszebbzf/nodevenv/sehat.hyderdevelops.ml/12/lib/node_modules/body-parser/lib/types/json.js:158:10)
    at parse (/home/qszebbzf/nodevenv/sehat.hyderdevelops.ml/12/lib/node_modules/body-parser/lib/types/json.js:83:15)
    at /home/qszebbzf/nodevenv/sehat.hyderdevelops.ml/12/lib/node_modules/body-parser/lib/read.js:121:18
    at invokeCallback (/home/qszebbzf/nodevenv/sehat.hyderdevelops.ml/12/lib/node_modules/raw-body/index.js:224:16)
    at done (/home/qszebbzf/nodevenv/sehat.hyderdevelops.ml/12/lib/node_modules/raw-body/index.js:213:7)
    at IncomingMessage.onEnd (/home/qszebbzf/nodevenv/sehat.hyderdevelops.ml/12/lib/node_modules/raw-body/index.js:273:7)
    at IncomingMessage.emit (events.js:214:15)
    at endReadableNT (_stream_readable.js:1178:12)
    at processTicksAndRejections (internal/process/task_queues.js:77:11)
SyntaxError: Unexpected token " in JSON at position 0
    at JSON.parse (<anonymous>)
    at createStrictSyntaxError (/home/qszebbzf/nodevenv/sehat.hyderdevelops.ml/12/lib/node_modules/body-parser/lib/types/json.js:158:10)
    at parse (/home/qszebbzf/nodevenv/sehat.hyderdevelops.ml/12/lib/node_modules/body-parser/lib/types/json.js:83:15)
    at /home/qszebbzf/nodevenv/sehat.hyderdevelops.ml/12/lib/node_modules/body-parser/lib/read.js:121:18
    at invokeCallback (/home/qszebbzf/nodevenv/sehat.hyderdevelops.ml/12/lib/node_modules/raw-body/index.js:224:16)
    at done (/home/qszebbzf/nodevenv/sehat.hyderdevelops.ml/12/lib/node_modules/raw-body/index.js:213:7)
    at IncomingMessage.onEnd (/home/qszebbzf/nodevenv/sehat.hyderdevelops.ml/12/lib/node_modules/raw-body/index.js:273:7)
    at IncomingMessage.emit (events.js:214:15)
    at endReadableNT (_stream_readable.js:1178:12)
    at processTicksAndRejections (internal/process/task_queues.js:77:11)
SyntaxError: Unexpected token " in JSON at position 0
    at JSON.parse (<anonymous>)
    at createStrictSyntaxError (/home/qszebbzf/nodevenv/sehat.hyderdevelops.ml/12/lib/node_modules/body-parser/lib/types/json.js:158:10)
    at parse (/home/qszebbzf/nodevenv/sehat.hyderdevelops.ml/12/lib/node_modules/body-parser/lib/types/json.js:83:15)
    at /home/qszebbzf/nodevenv/sehat.hyderdevelops.ml/12/lib/node_modules/body-parser/lib/read.js:121:18
    at invokeCallback (/home/qszebbzf/nodevenv/sehat.hyderdevelops.ml/12/lib/node_modules/raw-body/index.js:224:16)
    at done (/home/qszebbzf/nodevenv/sehat.hyderdevelops.ml/12/lib/node_modules/raw-body/index.js:213:7)
    at IncomingMessage.onEnd (/home/qszebbzf/nodevenv/sehat.hyderdevelops.ml/12/lib/node_modules/raw-body/index.js:273:7)
    at IncomingMessage.emit (events.js:214:15)
    at endReadableNT (_stream_readable.js:1178:12)
    at processTicksAndRejections (internal/process/task_queues.js:77:11)
